Analysis & Synthesis report for AirFryer
Sat May 18 13:10:43 2024
Quartus Prime Version 22.1std.2 Build 922 07/20/2023 SC Lite Edition


---------------------
; Table of Contents ;
---------------------
  1. Legal Notice
  2. Analysis & Synthesis Summary
  3. Analysis & Synthesis Settings
  4. Parallel Compilation
  5. Analysis & Synthesis Source Files Read
  6. Analysis & Synthesis Resource Usage Summary
  7. Analysis & Synthesis Resource Utilization by Entity
  8. Registers Removed During Synthesis
  9. General Register Statistics
 10. Multiplexer Restructuring Statistics (Restructuring Performed)
 11. Parameter Settings for User Entity Instance: DebounceUnits:keys_debounce|Debouncer:time_up_debouncer
 12. Parameter Settings for User Entity Instance: DebounceUnits:keys_debounce|Debouncer:time_dw_debouncer
 13. Parameter Settings for User Entity Instance: DebounceUnits:keys_debounce|Debouncer:temp_up_debouncer
 14. Parameter Settings for User Entity Instance: DebounceUnits:keys_debounce|Debouncer:temp_dw_debouncer
 15. Parameter Settings for Inferred Entity Instance: TemperatureController:TemperatureController|lpm_divide:Mod2
 16. Parameter Settings for Inferred Entity Instance: TemperatureController:TemperatureController|lpm_divide:Div1
 17. Parameter Settings for Inferred Entity Instance: TemperatureController:TemperatureController|lpm_divide:Mod1
 18. Parameter Settings for Inferred Entity Instance: TemperatureController:TemperatureController|lpm_divide:Div0
 19. Parameter Settings for Inferred Entity Instance: TemperatureController:TemperatureController|lpm_divide:Mod0
 20. Port Connectivity Checks: "TemperatureController:TemperatureController"
 21. Port Connectivity Checks: "DebounceUnits:keys_debounce"
 22. Post-Synthesis Netlist Statistics for Top Partition
 23. Elapsed Time Per Partition
 24. Analysis & Synthesis Messages



----------------
; Legal Notice ;
----------------
Copyright (C) 2023  Intel Corporation. All rights reserved.
Your use of Intel Corporation's design tools, logic functions 
and other software and tools, and any partner logic 
functions, and any output files from any of the foregoing 
(including device programming or simulation files), and any 
associated documentation or information are expressly subject 
to the terms and conditions of the Intel Program License 
Subscription Agreement, the Intel Quartus Prime License Agreement,
the Intel FPGA IP License Agreement, or other applicable license
agreement, including, without limitation, that your use is for
the sole purpose of programming logic devices manufactured by
Intel and sold by Intel or its authorized distributors.  Please
refer to the applicable agreement for further details, at
https://fpgasoftware.intel.com/eula.



+-------------------------------------------------------------------------------------+
; Analysis & Synthesis Summary                                                        ;
+------------------------------------+------------------------------------------------+
; Analysis & Synthesis Status        ; Successful - Sat May 18 13:10:43 2024          ;
; Quartus Prime Version              ; 22.1std.2 Build 922 07/20/2023 SC Lite Edition ;
; Revision Name                      ; AirFryer                                       ;
; Top-level Entity Name              ; AirFryer                                       ;
; Family                             ; Cyclone IV E                                   ;
; Total logic elements               ; 6,005                                          ;
;     Total combinational functions  ; 6,005                                          ;
;     Dedicated logic registers      ; 34                                             ;
; Total registers                    ; 34                                             ;
; Total pins                         ; 59                                             ;
; Total virtual pins                 ; 0                                              ;
; Total memory bits                  ; 0                                              ;
; Embedded Multiplier 9-bit elements ; 0                                              ;
; Total PLLs                         ; 0                                              ;
+------------------------------------+------------------------------------------------+


+------------------------------------------------------------------------------------------------------------+
; Analysis & Synthesis Settings                                                                              ;
+------------------------------------------------------------------+--------------------+--------------------+
; Option                                                           ; Setting            ; Default Value      ;
+------------------------------------------------------------------+--------------------+--------------------+
; Device                                                           ; EP4CE115F29C7      ;                    ;
; Top-level entity name                                            ; AirFryer           ; AirFryer           ;
; Family name                                                      ; Cyclone IV E       ; Cyclone V          ;
; Use smart compilation                                            ; Off                ; Off                ;
; Enable parallel Assembler and Timing Analyzer during compilation ; On                 ; On                 ;
; Enable compact report table                                      ; Off                ; Off                ;
; Restructure Multiplexers                                         ; Auto               ; Auto               ;
; Create Debugging Nodes for IP Cores                              ; Off                ; Off                ;
; Preserve fewer node names                                        ; On                 ; On                 ;
; Intel FPGA IP Evaluation Mode                                    ; Enable             ; Enable             ;
; Verilog Version                                                  ; Verilog_2001       ; Verilog_2001       ;
; VHDL Version                                                     ; VHDL_1993          ; VHDL_1993          ;
; State Machine Processing                                         ; Auto               ; Auto               ;
; Safe State Machine                                               ; Off                ; Off                ;
; Extract Verilog State Machines                                   ; On                 ; On                 ;
; Extract VHDL State Machines                                      ; On                 ; On                 ;
; Ignore Verilog initial constructs                                ; Off                ; Off                ;
; Iteration limit for constant Verilog loops                       ; 5000               ; 5000               ;
; Iteration limit for non-constant Verilog loops                   ; 250                ; 250                ;
; Add Pass-Through Logic to Inferred RAMs                          ; On                 ; On                 ;
; Infer RAMs from Raw Logic                                        ; On                 ; On                 ;
; Parallel Synthesis                                               ; On                 ; On                 ;
; DSP Block Balancing                                              ; Auto               ; Auto               ;
; NOT Gate Push-Back                                               ; On                 ; On                 ;
; Power-Up Don't Care                                              ; On                 ; On                 ;
; Remove Redundant Logic Cells                                     ; Off                ; Off                ;
; Remove Duplicate Registers                                       ; On                 ; On                 ;
; Ignore CARRY Buffers                                             ; Off                ; Off                ;
; Ignore CASCADE Buffers                                           ; Off                ; Off                ;
; Ignore GLOBAL Buffers                                            ; Off                ; Off                ;
; Ignore ROW GLOBAL Buffers                                        ; Off                ; Off                ;
; Ignore LCELL Buffers                                             ; Off                ; Off                ;
; Ignore SOFT Buffers                                              ; On                 ; On                 ;
; Limit AHDL Integers to 32 Bits                                   ; Off                ; Off                ;
; Optimization Technique                                           ; Balanced           ; Balanced           ;
; Carry Chain Length                                               ; 70                 ; 70                 ;
; Auto Carry Chains                                                ; On                 ; On                 ;
; Auto Open-Drain Pins                                             ; On                 ; On                 ;
; Perform WYSIWYG Primitive Resynthesis                            ; Off                ; Off                ;
; Auto ROM Replacement                                             ; On                 ; On                 ;
; Auto RAM Replacement                                             ; On                 ; On                 ;
; Auto DSP Block Replacement                                       ; On                 ; On                 ;
; Auto Shift Register Replacement                                  ; Auto               ; Auto               ;
; Allow Shift Register Merging across Hierarchies                  ; Auto               ; Auto               ;
; Auto Clock Enable Replacement                                    ; On                 ; On                 ;
; Strict RAM Replacement                                           ; Off                ; Off                ;
; Allow Synchronous Control Signals                                ; On                 ; On                 ;
; Force Use of Synchronous Clear Signals                           ; Off                ; Off                ;
; Auto RAM Block Balancing                                         ; On                 ; On                 ;
; Auto RAM to Logic Cell Conversion                                ; Off                ; Off                ;
; Auto Resource Sharing                                            ; Off                ; Off                ;
; Allow Any RAM Size For Recognition                               ; Off                ; Off                ;
; Allow Any ROM Size For Recognition                               ; Off                ; Off                ;
; Allow Any Shift Register Size For Recognition                    ; Off                ; Off                ;
; Use LogicLock Constraints during Resource Balancing              ; On                 ; On                 ;
; Ignore translate_off and synthesis_off directives                ; Off                ; Off                ;
; Timing-Driven Synthesis                                          ; On                 ; On                 ;
; Report Parameter Settings                                        ; On                 ; On                 ;
; Report Source Assignments                                        ; On                 ; On                 ;
; Report Connectivity Checks                                       ; On                 ; On                 ;
; Ignore Maximum Fan-Out Assignments                               ; Off                ; Off                ;
; Synchronization Register Chain Length                            ; 2                  ; 2                  ;
; Power Optimization During Synthesis                              ; Normal compilation ; Normal compilation ;
; HDL message level                                                ; Level2             ; Level2             ;
; Suppress Register Optimization Related Messages                  ; Off                ; Off                ;
; Number of Removed Registers Reported in Synthesis Report         ; 5000               ; 5000               ;
; Number of Swept Nodes Reported in Synthesis Report               ; 5000               ; 5000               ;
; Number of Inverted Registers Reported in Synthesis Report        ; 100                ; 100                ;
; Clock MUX Protection                                             ; On                 ; On                 ;
; Auto Gated Clock Conversion                                      ; Off                ; Off                ;
; Block Design Naming                                              ; Auto               ; Auto               ;
; SDC constraint protection                                        ; Off                ; Off                ;
; Synthesis Effort                                                 ; Auto               ; Auto               ;
; Shift Register Replacement - Allow Asynchronous Clear Signal     ; On                 ; On                 ;
; Pre-Mapping Resynthesis Optimization                             ; Off                ; Off                ;
; Analysis & Synthesis Message Level                               ; Medium             ; Medium             ;
; Disable Register Merging Across Hierarchies                      ; Auto               ; Auto               ;
; Resource Aware Inference For Block RAM                           ; On                 ; On                 ;
+------------------------------------------------------------------+--------------------+--------------------+


+------------------------------------------+
; Parallel Compilation                     ;
+----------------------------+-------------+
; Processors                 ; Number      ;
+----------------------------+-------------+
; Number detected on machine ; 12          ;
; Maximum allowed            ; 6           ;
;                            ;             ;
; Average used               ; 1.00        ;
; Maximum used               ; 6           ;
;                            ;             ;
; Usage by Processor         ; % Time Used ;
;     Processor 1            ; 100.0%      ;
;     Processor 2            ;   0.0%      ;
;     Processor 3            ;   0.0%      ;
;     Processor 4            ;   0.0%      ;
;     Processor 5            ;   0.0%      ;
;     Processor 6            ;   0.0%      ;
+----------------------------+-------------+


+---------------------------------------------------------------------------------------------------------------------------------------------------------------------------------------+
; Analysis & Synthesis Source Files Read                                                                                                                                                ;
+----------------------------------+-----------------+------------------------------+-----------------------------------------------------------------------------------------+---------+
; File Name with User-Entered Path ; Used in Netlist ; File Type                    ; File Name with Absolute Path                                                            ; Library ;
+----------------------------------+-----------------+------------------------------+-----------------------------------------------------------------------------------------+---------+
; Debouncer.vhd                    ; yes             ; User VHDL File               ; /home/tiago/Documents/lsd-project/src/Debouncer.vhd                                     ;         ;
; DebounceUnits.vhd                ; yes             ; User VHDL File               ; /home/tiago/Documents/lsd-project/src/DebounceUnits.vhd                                 ;         ;
; DisplaysController.vhd           ; yes             ; User VHDL File               ; /home/tiago/Documents/lsd-project/src/DisplaysController.vhd                            ;         ;
; Bin7SegDecoder.vhd               ; yes             ; User VHDL File               ; /home/tiago/Documents/lsd-project/src/Bin7SegDecoder.vhd                                ;         ;
; AirFryer.vhd                     ; yes             ; User VHDL File               ; /home/tiago/Documents/lsd-project/src/AirFryer.vhd                                      ;         ;
; TemperatureController.vhd        ; yes             ; User VHDL File               ; /home/tiago/Documents/lsd-project/src/TemperatureController.vhd                         ;         ;
; lpm_divide.tdf                   ; yes             ; Megafunction                 ; /home/tiago/.intel_fpga_lite/22.1.2/quartus/libraries/megafunctions/lpm_divide.tdf      ;         ;
; abs_divider.inc                  ; yes             ; Megafunction                 ; /home/tiago/.intel_fpga_lite/22.1.2/quartus/libraries/megafunctions/abs_divider.inc     ;         ;
; sign_div_unsign.inc              ; yes             ; Megafunction                 ; /home/tiago/.intel_fpga_lite/22.1.2/quartus/libraries/megafunctions/sign_div_unsign.inc ;         ;
; aglobal221.inc                   ; yes             ; Megafunction                 ; /home/tiago/.intel_fpga_lite/22.1.2/quartus/libraries/megafunctions/aglobal221.inc      ;         ;
; db/lpm_divide_cqo.tdf            ; yes             ; Auto-Generated Megafunction  ; /home/tiago/Documents/lsd-project/src/db/lpm_divide_cqo.tdf                             ;         ;
; db/abs_divider_4dg.tdf           ; yes             ; Auto-Generated Megafunction  ; /home/tiago/Documents/lsd-project/src/db/abs_divider_4dg.tdf                            ;         ;
; db/alt_u_div_6af.tdf             ; yes             ; Auto-Generated Megafunction  ; /home/tiago/Documents/lsd-project/src/db/alt_u_div_6af.tdf                              ;         ;
; db/add_sub_7pc.tdf               ; yes             ; Auto-Generated Megafunction  ; /home/tiago/Documents/lsd-project/src/db/add_sub_7pc.tdf                                ;         ;
; db/add_sub_8pc.tdf               ; yes             ; Auto-Generated Megafunction  ; /home/tiago/Documents/lsd-project/src/db/add_sub_8pc.tdf                                ;         ;
; db/lpm_abs_i0a.tdf               ; yes             ; Auto-Generated Megafunction  ; /home/tiago/Documents/lsd-project/src/db/lpm_abs_i0a.tdf                                ;         ;
; db/lpm_divide_p0p.tdf            ; yes             ; Auto-Generated Megafunction  ; /home/tiago/Documents/lsd-project/src/db/lpm_divide_p0p.tdf                             ;         ;
; db/abs_divider_kbg.tdf           ; yes             ; Auto-Generated Megafunction  ; /home/tiago/Documents/lsd-project/src/db/abs_divider_kbg.tdf                            ;         ;
; db/alt_u_div_67f.tdf             ; yes             ; Auto-Generated Megafunction  ; /home/tiago/Documents/lsd-project/src/db/alt_u_div_67f.tdf                              ;         ;
; db/lpm_abs_2v9.tdf               ; yes             ; Auto-Generated Megafunction  ; /home/tiago/Documents/lsd-project/src/db/lpm_abs_2v9.tdf                                ;         ;
; db/lpm_divide_s0p.tdf            ; yes             ; Auto-Generated Megafunction  ; /home/tiago/Documents/lsd-project/src/db/lpm_divide_s0p.tdf                             ;         ;
; db/abs_divider_nbg.tdf           ; yes             ; Auto-Generated Megafunction  ; /home/tiago/Documents/lsd-project/src/db/abs_divider_nbg.tdf                            ;         ;
; db/alt_u_div_c7f.tdf             ; yes             ; Auto-Generated Megafunction  ; /home/tiago/Documents/lsd-project/src/db/alt_u_div_c7f.tdf                              ;         ;
; db/lpm_abs_5v9.tdf               ; yes             ; Auto-Generated Megafunction  ; /home/tiago/Documents/lsd-project/src/db/lpm_abs_5v9.tdf                                ;         ;
+----------------------------------+-----------------+------------------------------+-----------------------------------------------------------------------------------------+---------+


+---------------------------------------------------------------------------------------------------------------+
; Analysis & Synthesis Resource Usage Summary                                                                   ;
+---------------------------------------------+-----------------------------------------------------------------+
; Resource                                    ; Usage                                                           ;
+---------------------------------------------+-----------------------------------------------------------------+
; Estimated Total logic elements              ; 6,005                                                           ;
;                                             ;                                                                 ;
; Total combinational functions               ; 6005                                                            ;
; Logic element usage by number of LUT inputs ;                                                                 ;
;     -- 4 input functions                    ; 1871                                                            ;
;     -- 3 input functions                    ; 1954                                                            ;
;     -- <=2 input functions                  ; 2180                                                            ;
;                                             ;                                                                 ;
; Logic elements by mode                      ;                                                                 ;
;     -- normal mode                          ; 4044                                                            ;
;     -- arithmetic mode                      ; 1961                                                            ;
;                                             ;                                                                 ;
; Total registers                             ; 34                                                              ;
;     -- Dedicated logic registers            ; 34                                                              ;
;     -- I/O registers                        ; 0                                                               ;
;                                             ;                                                                 ;
; I/O pins                                    ; 59                                                              ;
;                                             ;                                                                 ;
; Embedded Multiplier 9-bit elements          ; 0                                                               ;
;                                             ;                                                                 ;
; Maximum fan-out node                        ; TemperatureController:TemperatureController|tempDemonstrada[31] ;
; Maximum fan-out                             ; 256                                                             ;
; Total fan-out                               ; 17649                                                           ;
; Average fan-out                             ; 2.87                                                            ;
+---------------------------------------------+-----------------------------------------------------------------+


+-------------------------------------------------------------------------------------------------------------------------------------------------------------------------------------------------------------------------------------------------------------------------------------------------------------------------------------------------------------------------+
; Analysis & Synthesis Resource Utilization by Entity                                                                                                                                                                                                                                                                                                                     ;
+--------------------------------------------------+---------------------+---------------------------+-------------+--------------+---------+-----------+------+--------------+----------------------------------------------------------------------------------------------------------------------------------------------------+-----------------------+--------------+
; Compilation Hierarchy Node                       ; Combinational ALUTs ; Dedicated Logic Registers ; Memory Bits ; DSP Elements ; DSP 9x9 ; DSP 18x18 ; Pins ; Virtual Pins ; Full Hierarchy Name                                                                                                                                ; Entity Name           ; Library Name ;
+--------------------------------------------------+---------------------+---------------------------+-------------+--------------+---------+-----------+------+--------------+----------------------------------------------------------------------------------------------------------------------------------------------------+-----------------------+--------------+
; |AirFryer                                        ; 6005 (1)            ; 34 (0)                    ; 0           ; 0            ; 0       ; 0         ; 59   ; 0            ; |AirFryer                                                                                                                                          ; AirFryer              ; work         ;
;    |DisplaysController:DisplaysController|       ; 52 (0)              ; 0 (0)                     ; 0           ; 0            ; 0       ; 0         ; 0    ; 0            ; |AirFryer|DisplaysController:DisplaysController                                                                                                    ; DisplaysController    ; work         ;
;       |Bin7SegDecoder:bin7SegTemperatura|        ; 52 (52)             ; 0 (0)                     ; 0           ; 0            ; 0       ; 0         ; 0    ; 0            ; |AirFryer|DisplaysController:DisplaysController|Bin7SegDecoder:bin7SegTemperatura                                                                  ; Bin7SegDecoder        ; work         ;
;    |TemperatureController:TemperatureController| ; 5952 (177)          ; 34 (34)                   ; 0           ; 0            ; 0       ; 0         ; 0    ; 0            ; |AirFryer|TemperatureController:TemperatureController                                                                                              ; TemperatureController ; work         ;
;       |lpm_divide:Div0|                          ; 685 (0)             ; 0 (0)                     ; 0           ; 0            ; 0       ; 0         ; 0    ; 0            ; |AirFryer|TemperatureController:TemperatureController|lpm_divide:Div0                                                                              ; lpm_divide            ; work         ;
;          |lpm_divide_s0p:auto_generated|         ; 685 (0)             ; 0 (0)                     ; 0           ; 0            ; 0       ; 0         ; 0    ; 0            ; |AirFryer|TemperatureController:TemperatureController|lpm_divide:Div0|lpm_divide_s0p:auto_generated                                                ; lpm_divide_s0p        ; work         ;
;             |abs_divider_nbg:divider|            ; 685 (58)            ; 0 (0)                     ; 0           ; 0            ; 0       ; 0         ; 0    ; 0            ; |AirFryer|TemperatureController:TemperatureController|lpm_divide:Div0|lpm_divide_s0p:auto_generated|abs_divider_nbg:divider                        ; abs_divider_nbg       ; work         ;
;                |alt_u_div_c7f:divider|           ; 625 (625)           ; 0 (0)                     ; 0           ; 0            ; 0       ; 0         ; 0    ; 0            ; |AirFryer|TemperatureController:TemperatureController|lpm_divide:Div0|lpm_divide_s0p:auto_generated|abs_divider_nbg:divider|alt_u_div_c7f:divider  ; alt_u_div_c7f         ; work         ;
;                |lpm_abs_i0a:my_abs_num|          ; 2 (2)               ; 0 (0)                     ; 0           ; 0            ; 0       ; 0         ; 0    ; 0            ; |AirFryer|TemperatureController:TemperatureController|lpm_divide:Div0|lpm_divide_s0p:auto_generated|abs_divider_nbg:divider|lpm_abs_i0a:my_abs_num ; lpm_abs_i0a           ; work         ;
;       |lpm_divide:Div1|                          ; 553 (0)             ; 0 (0)                     ; 0           ; 0            ; 0       ; 0         ; 0    ; 0            ; |AirFryer|TemperatureController:TemperatureController|lpm_divide:Div1                                                                              ; lpm_divide            ; work         ;
;          |lpm_divide_p0p:auto_generated|         ; 553 (0)             ; 0 (0)                     ; 0           ; 0            ; 0       ; 0         ; 0    ; 0            ; |AirFryer|TemperatureController:TemperatureController|lpm_divide:Div1|lpm_divide_p0p:auto_generated                                                ; lpm_divide_p0p        ; work         ;
;             |abs_divider_kbg:divider|            ; 553 (64)            ; 0 (0)                     ; 0           ; 0            ; 0       ; 0         ; 0    ; 0            ; |AirFryer|TemperatureController:TemperatureController|lpm_divide:Div1|lpm_divide_p0p:auto_generated|abs_divider_kbg:divider                        ; abs_divider_kbg       ; work         ;
;                |alt_u_div_67f:divider|           ; 449 (449)           ; 0 (0)                     ; 0           ; 0            ; 0       ; 0         ; 0    ; 0            ; |AirFryer|TemperatureController:TemperatureController|lpm_divide:Div1|lpm_divide_p0p:auto_generated|abs_divider_kbg:divider|alt_u_div_67f:divider  ; alt_u_div_67f         ; work         ;
;                |lpm_abs_i0a:my_abs_num|          ; 40 (40)             ; 0 (0)                     ; 0           ; 0            ; 0       ; 0         ; 0    ; 0            ; |AirFryer|TemperatureController:TemperatureController|lpm_divide:Div1|lpm_divide_p0p:auto_generated|abs_divider_kbg:divider|lpm_abs_i0a:my_abs_num ; lpm_abs_i0a           ; work         ;
;       |lpm_divide:Mod0|                          ; 1476 (0)            ; 0 (0)                     ; 0           ; 0            ; 0       ; 0         ; 0    ; 0            ; |AirFryer|TemperatureController:TemperatureController|lpm_divide:Mod0                                                                              ; lpm_divide            ; work         ;
;          |lpm_divide_cqo:auto_generated|         ; 1476 (0)            ; 0 (0)                     ; 0           ; 0            ; 0       ; 0         ; 0    ; 0            ; |AirFryer|TemperatureController:TemperatureController|lpm_divide:Mod0|lpm_divide_cqo:auto_generated                                                ; lpm_divide_cqo        ; work         ;
;             |abs_divider_4dg:divider|            ; 1476 (8)            ; 0 (0)                     ; 0           ; 0            ; 0       ; 0         ; 0    ; 0            ; |AirFryer|TemperatureController:TemperatureController|lpm_divide:Mod0|lpm_divide_cqo:auto_generated|abs_divider_4dg:divider                        ; abs_divider_4dg       ; work         ;
;                |alt_u_div_6af:divider|           ; 1441 (1441)         ; 0 (0)                     ; 0           ; 0            ; 0       ; 0         ; 0    ; 0            ; |AirFryer|TemperatureController:TemperatureController|lpm_divide:Mod0|lpm_divide_cqo:auto_generated|abs_divider_4dg:divider|alt_u_div_6af:divider  ; alt_u_div_6af         ; work         ;
;                |lpm_abs_i0a:my_abs_num|          ; 27 (27)             ; 0 (0)                     ; 0           ; 0            ; 0       ; 0         ; 0    ; 0            ; |AirFryer|TemperatureController:TemperatureController|lpm_divide:Mod0|lpm_divide_cqo:auto_generated|abs_divider_4dg:divider|lpm_abs_i0a:my_abs_num ; lpm_abs_i0a           ; work         ;
;       |lpm_divide:Mod1|                          ; 1543 (0)            ; 0 (0)                     ; 0           ; 0            ; 0       ; 0         ; 0    ; 0            ; |AirFryer|TemperatureController:TemperatureController|lpm_divide:Mod1                                                                              ; lpm_divide            ; work         ;
;          |lpm_divide_cqo:auto_generated|         ; 1543 (0)            ; 0 (0)                     ; 0           ; 0            ; 0       ; 0         ; 0    ; 0            ; |AirFryer|TemperatureController:TemperatureController|lpm_divide:Mod1|lpm_divide_cqo:auto_generated                                                ; lpm_divide_cqo        ; work         ;
;             |abs_divider_4dg:divider|            ; 1543 (8)            ; 0 (0)                     ; 0           ; 0            ; 0       ; 0         ; 0    ; 0            ; |AirFryer|TemperatureController:TemperatureController|lpm_divide:Mod1|lpm_divide_cqo:auto_generated|abs_divider_4dg:divider                        ; abs_divider_4dg       ; work         ;
;                |alt_u_div_6af:divider|           ; 1498 (1498)         ; 0 (0)                     ; 0           ; 0            ; 0       ; 0         ; 0    ; 0            ; |AirFryer|TemperatureController:TemperatureController|lpm_divide:Mod1|lpm_divide_cqo:auto_generated|abs_divider_4dg:divider|alt_u_div_6af:divider  ; alt_u_div_6af         ; work         ;
;                |lpm_abs_i0a:my_abs_num|          ; 37 (37)             ; 0 (0)                     ; 0           ; 0            ; 0       ; 0         ; 0    ; 0            ; |AirFryer|TemperatureController:TemperatureController|lpm_divide:Mod1|lpm_divide_cqo:auto_generated|abs_divider_4dg:divider|lpm_abs_i0a:my_abs_num ; lpm_abs_i0a           ; work         ;
;       |lpm_divide:Mod2|                          ; 1518 (0)            ; 0 (0)                     ; 0           ; 0            ; 0       ; 0         ; 0    ; 0            ; |AirFryer|TemperatureController:TemperatureController|lpm_divide:Mod2                                                                              ; lpm_divide            ; work         ;
;          |lpm_divide_cqo:auto_generated|         ; 1518 (0)            ; 0 (0)                     ; 0           ; 0            ; 0       ; 0         ; 0    ; 0            ; |AirFryer|TemperatureController:TemperatureController|lpm_divide:Mod2|lpm_divide_cqo:auto_generated                                                ; lpm_divide_cqo        ; work         ;
;             |abs_divider_4dg:divider|            ; 1518 (6)            ; 0 (0)                     ; 0           ; 0            ; 0       ; 0         ; 0    ; 0            ; |AirFryer|TemperatureController:TemperatureController|lpm_divide:Mod2|lpm_divide_cqo:auto_generated|abs_divider_4dg:divider                        ; abs_divider_4dg       ; work         ;
;                |alt_u_div_6af:divider|           ; 1508 (1508)         ; 0 (0)                     ; 0           ; 0            ; 0       ; 0         ; 0    ; 0            ; |AirFryer|TemperatureController:TemperatureController|lpm_divide:Mod2|lpm_divide_cqo:auto_generated|abs_divider_4dg:divider|alt_u_div_6af:divider  ; alt_u_div_6af         ; work         ;
;                |lpm_abs_i0a:my_abs_num|          ; 4 (4)               ; 0 (0)                     ; 0           ; 0            ; 0       ; 0         ; 0    ; 0            ; |AirFryer|TemperatureController:TemperatureController|lpm_divide:Mod2|lpm_divide_cqo:auto_generated|abs_divider_4dg:divider|lpm_abs_i0a:my_abs_num ; lpm_abs_i0a           ; work         ;
+--------------------------------------------------+---------------------+---------------------------+-------------+--------------+---------+-----------+------+--------------+----------------------------------------------------------------------------------------------------------------------------------------------------+-----------------------+--------------+
Note: For table entries with two numbers listed, the numbers in parentheses indicate the number of resources of the given type used by the specific entity alone. The numbers listed outside of parentheses indicate the total resources of the given type used by the specific entity and all of its sub-entities in the hierarchy.


+---------------------------------------------------------------------------------------------------------+
; Registers Removed During Synthesis                                                                      ;
+----------------------------------------------------------------+----------------------------------------+
; Register name                                                  ; Reason for Removal                     ;
+----------------------------------------------------------------+----------------------------------------+
; TemperatureController:TemperatureController|tempDemonstrada[0] ; Stuck at GND due to stuck port data_in ;
; Total Number of Removed Registers = 1                          ;                                        ;
+----------------------------------------------------------------+----------------------------------------+


+------------------------------------------------------+
; General Register Statistics                          ;
+----------------------------------------------+-------+
; Statistic                                    ; Value ;
+----------------------------------------------+-------+
; Total registers                              ; 34    ;
; Number of registers using Synchronous Clear  ; 0     ;
; Number of registers using Synchronous Load   ; 31    ;
; Number of registers using Asynchronous Clear ; 0     ;
; Number of registers using Asynchronous Load  ; 0     ;
; Number of registers using Clock Enable       ; 32    ;
; Number of registers using Preset             ; 0     ;
+----------------------------------------------+-------+


+-------------------------------------------------------------------------------------------------------------------------------------------------------------------------------------------------------------+
; Multiplexer Restructuring Statistics (Restructuring Performed)                                                                                                                                              ;
+--------------------+-----------+---------------+----------------------+------------------------+------------+-----------------------------------------------------------------------------------------------+
; Multiplexer Inputs ; Bus Width ; Baseline Area ; Area if Restructured ; Saving if Restructured ; Registered ; Example Multiplexer Output                                                                    ;
+--------------------+-----------+---------------+----------------------+------------------------+------------+-----------------------------------------------------------------------------------------------+
; 3:1                ; 31 bits   ; 62 LEs        ; 31 LEs               ; 31 LEs                 ; Yes        ; |AirFryer|TemperatureController:TemperatureController|tempDemonstrada[17]                     ;
; 6:1                ; 3 bits    ; 12 LEs        ; 9 LEs                ; 3 LEs                  ; No         ; |AirFryer|DisplaysController:DisplaysController|Bin7SegDecoder:bin7SegTemperatura|decOut_u[0] ;
; 6:1                ; 3 bits    ; 12 LEs        ; 9 LEs                ; 3 LEs                  ; No         ; |AirFryer|DisplaysController:DisplaysController|Bin7SegDecoder:bin7SegTemperatura|decOut_d[5] ;
; 6:1                ; 3 bits    ; 12 LEs        ; 9 LEs                ; 3 LEs                  ; No         ; |AirFryer|DisplaysController:DisplaysController|Bin7SegDecoder:bin7SegTemperatura|decOut_h[0] ;
+--------------------+-----------+---------------+----------------------+------------------------+------------+-----------------------------------------------------------------------------------------------+


+------------------------------------------------------------------------------------------------------+
; Parameter Settings for User Entity Instance: DebounceUnits:keys_debounce|Debouncer:time_up_debouncer ;
+----------------+--------+----------------------------------------------------------------------------+
; Parameter Name ; Value  ; Type                                                                       ;
+----------------+--------+----------------------------------------------------------------------------+
; khzclkfreq     ; 100000 ; Signed Integer                                                             ;
; msecmininwidth ; 100    ; Signed Integer                                                             ;
; inpolarity     ; '0'    ; Enumerated                                                                 ;
; outpolarity    ; '1'    ; Enumerated                                                                 ;
+----------------+--------+----------------------------------------------------------------------------+
Note: In order to hide this table in the UI and the text report file, please set the "Show Parameter Settings in Synthesis Report" option in "Analysis and Synthesis Settings -> More Settings" to "Off".


+------------------------------------------------------------------------------------------------------+
; Parameter Settings for User Entity Instance: DebounceUnits:keys_debounce|Debouncer:time_dw_debouncer ;
+----------------+--------+----------------------------------------------------------------------------+
; Parameter Name ; Value  ; Type                                                                       ;
+----------------+--------+----------------------------------------------------------------------------+
; khzclkfreq     ; 100000 ; Signed Integer                                                             ;
; msecmininwidth ; 100    ; Signed Integer                                                             ;
; inpolarity     ; '0'    ; Enumerated                                                                 ;
; outpolarity    ; '1'    ; Enumerated                                                                 ;
+----------------+--------+----------------------------------------------------------------------------+
Note: In order to hide this table in the UI and the text report file, please set the "Show Parameter Settings in Synthesis Report" option in "Analysis and Synthesis Settings -> More Settings" to "Off".


+------------------------------------------------------------------------------------------------------+
; Parameter Settings for User Entity Instance: DebounceUnits:keys_debounce|Debouncer:temp_up_debouncer ;
+----------------+--------+----------------------------------------------------------------------------+
; Parameter Name ; Value  ; Type                                                                       ;
+----------------+--------+----------------------------------------------------------------------------+
; khzclkfreq     ; 100000 ; Signed Integer                                                             ;
; msecmininwidth ; 100    ; Signed Integer                                                             ;
; inpolarity     ; '0'    ; Enumerated                                                                 ;
; outpolarity    ; '1'    ; Enumerated                                                                 ;
+----------------+--------+----------------------------------------------------------------------------+
Note: In order to hide this table in the UI and the text report file, please set the "Show Parameter Settings in Synthesis Report" option in "Analysis and Synthesis Settings -> More Settings" to "Off".


+------------------------------------------------------------------------------------------------------+
; Parameter Settings for User Entity Instance: DebounceUnits:keys_debounce|Debouncer:temp_dw_debouncer ;
+----------------+--------+----------------------------------------------------------------------------+
; Parameter Name ; Value  ; Type                                                                       ;
+----------------+--------+----------------------------------------------------------------------------+
; khzclkfreq     ; 100000 ; Signed Integer                                                             ;
; msecmininwidth ; 100    ; Signed Integer                                                             ;
; inpolarity     ; '0'    ; Enumerated                                                                 ;
; outpolarity    ; '1'    ; Enumerated                                                                 ;
+----------------+--------+----------------------------------------------------------------------------+
Note: In order to hide this table in the UI and the text report file, please set the "Show Parameter Settings in Synthesis Report" option in "Analysis and Synthesis Settings -> More Settings" to "Off".


+--------------------------------------------------------------------------------------------------------------+
; Parameter Settings for Inferred Entity Instance: TemperatureController:TemperatureController|lpm_divide:Mod2 ;
+------------------------+----------------+--------------------------------------------------------------------+
; Parameter Name         ; Value          ; Type                                                               ;
+------------------------+----------------+--------------------------------------------------------------------+
; LPM_WIDTHN             ; 32             ; Untyped                                                            ;
; LPM_WIDTHD             ; 32             ; Untyped                                                            ;
; LPM_NREPRESENTATION    ; SIGNED         ; Untyped                                                            ;
; LPM_DREPRESENTATION    ; SIGNED         ; Untyped                                                            ;
; LPM_PIPELINE           ; 0              ; Untyped                                                            ;
; LPM_REMAINDERPOSITIVE  ; FALSE          ; Untyped                                                            ;
; MAXIMIZE_SPEED         ; 5              ; Untyped                                                            ;
; CBXI_PARAMETER         ; lpm_divide_cqo ; Untyped                                                            ;
; CARRY_CHAIN            ; MANUAL         ; Untyped                                                            ;
; OPTIMIZE_FOR_SPEED     ; 5              ; Untyped                                                            ;
; AUTO_CARRY_CHAINS      ; ON             ; AUTO_CARRY                                                         ;
; IGNORE_CARRY_BUFFERS   ; OFF            ; IGNORE_CARRY                                                       ;
; AUTO_CASCADE_CHAINS    ; ON             ; AUTO_CASCADE                                                       ;
; IGNORE_CASCADE_BUFFERS ; OFF            ; IGNORE_CASCADE                                                     ;
+------------------------+----------------+--------------------------------------------------------------------+
Note: In order to hide this table in the UI and the text report file, please set the "Show Parameter Settings in Synthesis Report" option in "Analysis and Synthesis Settings -> More Settings" to "Off".


+--------------------------------------------------------------------------------------------------------------+
; Parameter Settings for Inferred Entity Instance: TemperatureController:TemperatureController|lpm_divide:Div1 ;
+------------------------+----------------+--------------------------------------------------------------------+
; Parameter Name         ; Value          ; Type                                                               ;
+------------------------+----------------+--------------------------------------------------------------------+
; LPM_WIDTHN             ; 32             ; Untyped                                                            ;
; LPM_WIDTHD             ; 5              ; Untyped                                                            ;
; LPM_NREPRESENTATION    ; SIGNED         ; Untyped                                                            ;
; LPM_DREPRESENTATION    ; SIGNED         ; Untyped                                                            ;
; LPM_PIPELINE           ; 0              ; Untyped                                                            ;
; LPM_REMAINDERPOSITIVE  ; FALSE          ; Untyped                                                            ;
; MAXIMIZE_SPEED         ; 5              ; Untyped                                                            ;
; CBXI_PARAMETER         ; lpm_divide_p0p ; Untyped                                                            ;
; CARRY_CHAIN            ; MANUAL         ; Untyped                                                            ;
; OPTIMIZE_FOR_SPEED     ; 5              ; Untyped                                                            ;
; AUTO_CARRY_CHAINS      ; ON             ; AUTO_CARRY                                                         ;
; IGNORE_CARRY_BUFFERS   ; OFF            ; IGNORE_CARRY                                                       ;
; AUTO_CASCADE_CHAINS    ; ON             ; AUTO_CASCADE                                                       ;
; IGNORE_CASCADE_BUFFERS ; OFF            ; IGNORE_CASCADE                                                     ;
+------------------------+----------------+--------------------------------------------------------------------+
Note: In order to hide this table in the UI and the text report file, please set the "Show Parameter Settings in Synthesis Report" option in "Analysis and Synthesis Settings -> More Settings" to "Off".


+--------------------------------------------------------------------------------------------------------------+
; Parameter Settings for Inferred Entity Instance: TemperatureController:TemperatureController|lpm_divide:Mod1 ;
+------------------------+----------------+--------------------------------------------------------------------+
; Parameter Name         ; Value          ; Type                                                               ;
+------------------------+----------------+--------------------------------------------------------------------+
; LPM_WIDTHN             ; 32             ; Untyped                                                            ;
; LPM_WIDTHD             ; 32             ; Untyped                                                            ;
; LPM_NREPRESENTATION    ; SIGNED         ; Untyped                                                            ;
; LPM_DREPRESENTATION    ; SIGNED         ; Untyped                                                            ;
; LPM_PIPELINE           ; 0              ; Untyped                                                            ;
; LPM_REMAINDERPOSITIVE  ; FALSE          ; Untyped                                                            ;
; MAXIMIZE_SPEED         ; 5              ; Untyped                                                            ;
; CBXI_PARAMETER         ; lpm_divide_cqo ; Untyped                                                            ;
; CARRY_CHAIN            ; MANUAL         ; Untyped                                                            ;
; OPTIMIZE_FOR_SPEED     ; 5              ; Untyped                                                            ;
; AUTO_CARRY_CHAINS      ; ON             ; AUTO_CARRY                                                         ;
; IGNORE_CARRY_BUFFERS   ; OFF            ; IGNORE_CARRY                                                       ;
; AUTO_CASCADE_CHAINS    ; ON             ; AUTO_CASCADE                                                       ;
; IGNORE_CASCADE_BUFFERS ; OFF            ; IGNORE_CASCADE                                                     ;
+------------------------+----------------+--------------------------------------------------------------------+
Note: In order to hide this table in the UI and the text report file, please set the "Show Parameter Settings in Synthesis Report" option in "Analysis and Synthesis Settings -> More Settings" to "Off".


+--------------------------------------------------------------------------------------------------------------+
; Parameter Settings for Inferred Entity Instance: TemperatureController:TemperatureController|lpm_divide:Div0 ;
+------------------------+----------------+--------------------------------------------------------------------+
; Parameter Name         ; Value          ; Type                                                               ;
+------------------------+----------------+--------------------------------------------------------------------+
; LPM_WIDTHN             ; 32             ; Untyped                                                            ;
; LPM_WIDTHD             ; 8              ; Untyped                                                            ;
; LPM_NREPRESENTATION    ; SIGNED         ; Untyped                                                            ;
; LPM_DREPRESENTATION    ; SIGNED         ; Untyped                                                            ;
; LPM_PIPELINE           ; 0              ; Untyped                                                            ;
; LPM_REMAINDERPOSITIVE  ; FALSE          ; Untyped                                                            ;
; MAXIMIZE_SPEED         ; 5              ; Untyped                                                            ;
; CBXI_PARAMETER         ; lpm_divide_s0p ; Untyped                                                            ;
; CARRY_CHAIN            ; MANUAL         ; Untyped                                                            ;
; OPTIMIZE_FOR_SPEED     ; 5              ; Untyped                                                            ;
; AUTO_CARRY_CHAINS      ; ON             ; AUTO_CARRY                                                         ;
; IGNORE_CARRY_BUFFERS   ; OFF            ; IGNORE_CARRY                                                       ;
; AUTO_CASCADE_CHAINS    ; ON             ; AUTO_CASCADE                                                       ;
; IGNORE_CASCADE_BUFFERS ; OFF            ; IGNORE_CASCADE                                                     ;
+------------------------+----------------+--------------------------------------------------------------------+
Note: In order to hide this table in the UI and the text report file, please set the "Show Parameter Settings in Synthesis Report" option in "Analysis and Synthesis Settings -> More Settings" to "Off".


+--------------------------------------------------------------------------------------------------------------+
; Parameter Settings for Inferred Entity Instance: TemperatureController:TemperatureController|lpm_divide:Mod0 ;
+------------------------+----------------+--------------------------------------------------------------------+
; Parameter Name         ; Value          ; Type                                                               ;
+------------------------+----------------+--------------------------------------------------------------------+
; LPM_WIDTHN             ; 32             ; Untyped                                                            ;
; LPM_WIDTHD             ; 32             ; Untyped                                                            ;
; LPM_NREPRESENTATION    ; SIGNED         ; Untyped                                                            ;
; LPM_DREPRESENTATION    ; SIGNED         ; Untyped                                                            ;
; LPM_PIPELINE           ; 0              ; Untyped                                                            ;
; LPM_REMAINDERPOSITIVE  ; FALSE          ; Untyped                                                            ;
; MAXIMIZE_SPEED         ; 5              ; Untyped                                                            ;
; CBXI_PARAMETER         ; lpm_divide_cqo ; Untyped                                                            ;
; CARRY_CHAIN            ; MANUAL         ; Untyped                                                            ;
; OPTIMIZE_FOR_SPEED     ; 5              ; Untyped                                                            ;
; AUTO_CARRY_CHAINS      ; ON             ; AUTO_CARRY                                                         ;
; IGNORE_CARRY_BUFFERS   ; OFF            ; IGNORE_CARRY                                                       ;
; AUTO_CASCADE_CHAINS    ; ON             ; AUTO_CASCADE                                                       ;
; IGNORE_CASCADE_BUFFERS ; OFF            ; IGNORE_CASCADE                                                     ;
+------------------------+----------------+--------------------------------------------------------------------+
Note: In order to hide this table in the UI and the text report file, please set the "Show Parameter Settings in Synthesis Report" option in "Analysis and Synthesis Settings -> More Settings" to "Off".


+-------------------------------------------------------------------------+
; Port Connectivity Checks: "TemperatureController:TemperatureController" ;
+-------------------+-------+----------+----------------------------------+
; Port              ; Type  ; Severity ; Details                          ;
+-------------------+-------+----------+----------------------------------+
; tempinicial[6..5] ; Input ; Info     ; Stuck at VCC                     ;
; tempinicial[4..3] ; Input ; Info     ; Stuck at GND                     ;
; tempinicial[1..0] ; Input ; Info     ; Stuck at GND                     ;
; tempinicial[7]    ; Input ; Info     ; Stuck at GND                     ;
; tempinicial[2]    ; Input ; Info     ; Stuck at VCC                     ;
; estado            ; Input ; Info     ; Stuck at GND                     ;
; programa[2..1]    ; Input ; Info     ; Stuck at GND                     ;
; programa[0]       ; Input ; Info     ; Stuck at VCC                     ;
+-------------------+-------+----------+----------------------------------+


+------------------------------------------------------------------------------------------------------------------------+
; Port Connectivity Checks: "DebounceUnits:keys_debounce"                                                                ;
+--------------+--------+----------+-------------------------------------------------------------------------------------+
; Port         ; Type   ; Severity ; Details                                                                             ;
+--------------+--------+----------+-------------------------------------------------------------------------------------+
; timer_up_out ; Output ; Info     ; Connected to dangling logic. Logic that only feeds a dangling port will be removed. ;
; timer_dw_out ; Output ; Info     ; Connected to dangling logic. Logic that only feeds a dangling port will be removed. ;
; temp_up_out  ; Output ; Info     ; Connected to dangling logic. Logic that only feeds a dangling port will be removed. ;
; temp_dw_out  ; Output ; Info     ; Connected to dangling logic. Logic that only feeds a dangling port will be removed. ;
+--------------+--------+----------+-------------------------------------------------------------------------------------+


+-----------------------------------------------------+
; Post-Synthesis Netlist Statistics for Top Partition ;
+-----------------------+-----------------------------+
; Type                  ; Count                       ;
+-----------------------+-----------------------------+
; boundary_port         ; 59                          ;
; cycloneiii_ff         ; 34                          ;
;     ENA               ; 1                           ;
;     ENA SLD           ; 31                          ;
;     plain             ; 2                           ;
; cycloneiii_lcell_comb ; 6006                        ;
;     arith             ; 1961                        ;
;         1 data inputs ; 7                           ;
;         2 data inputs ; 78                          ;
;         3 data inputs ; 1876                        ;
;     normal            ; 4045                        ;
;         0 data inputs ; 143                         ;
;         1 data inputs ; 4                           ;
;         2 data inputs ; 1949                        ;
;         3 data inputs ; 78                          ;
;         4 data inputs ; 1871                        ;
;                       ;                             ;
; Max LUT depth         ; 212.40                      ;
; Average LUT depth     ; 179.03                      ;
+-----------------------+-----------------------------+


+-------------------------------+
; Elapsed Time Per Partition    ;
+----------------+--------------+
; Partition Name ; Elapsed Time ;
+----------------+--------------+
; Top            ; 00:00:06     ;
+----------------+--------------+


+-------------------------------+
; Analysis & Synthesis Messages ;
+-------------------------------+
Info: *******************************************************************
Info: Running Quartus Prime Analysis & Synthesis
    Info: Version 22.1std.2 Build 922 07/20/2023 SC Lite Edition
    Info: Processing started: Sat May 18 13:10:28 2024
Info: Command: quartus_map --read_settings_files=on --write_settings_files=off AirFryer -c AirFryer
Warning (18236): Number of processors has not been specified which may cause overloading on shared machines.  Set the global assignment NUM_PARALLEL_PROCESSORS in your QSF to an appropriate value for best performance.
Info (20030): Parallel compilation is enabled and will use 6 of the 6 processors detected
Info (12021): Found 2 design units, including 1 entities, in source file Debouncer.vhd
    Info (12022): Found design unit 1: Debouncer-Behavioral File: /home/tiago/Documents/lsd-project/src/Debouncer.vhd Line: 15
    Info (12023): Found entity 1: Debouncer File: /home/tiago/Documents/lsd-project/src/Debouncer.vhd Line: 5
Info (12021): Found 2 design units, including 1 entities, in source file DebounceUnits.vhd
    Info (12022): Found design unit 1: DebounceUnits-Behavioral File: /home/tiago/Documents/lsd-project/src/DebounceUnits.vhd Line: 21
    Info (12023): Found entity 1: DebounceUnits File: /home/tiago/Documents/lsd-project/src/DebounceUnits.vhd Line: 4
Info (12021): Found 2 design units, including 1 entities, in source file CounterUpDown4.vhd
    Info (12022): Found design unit 1: CounterUpDown4-Behavioral File: /home/tiago/Documents/lsd-project/src/CounterUpDown4.vhd Line: 11
    Info (12023): Found entity 1: CounterUpDown4 File: /home/tiago/Documents/lsd-project/src/CounterUpDown4.vhd Line: 5
Info (12021): Found 2 design units, including 1 entities, in source file DisplaysController.vhd
    Info (12022): Found design unit 1: DisplaysController-Behavioral File: /home/tiago/Documents/lsd-project/src/DisplaysController.vhd Line: 18
    Info (12023): Found entity 1: DisplaysController File: /home/tiago/Documents/lsd-project/src/DisplaysController.vhd Line: 4
Info (12021): Found 2 design units, including 1 entities, in source file BinToBCD.vhd
    Info (12022): Found design unit 1: BinToBCD8-Behavioral File: /home/tiago/Documents/lsd-project/src/BinToBCD.vhd Line: 12
    Info (12023): Found entity 1: BinToBCD8 File: /home/tiago/Documents/lsd-project/src/BinToBCD.vhd Line: 5
Info (12021): Found 2 design units, including 1 entities, in source file Bin7SegDecoder.vhd
    Info (12022): Found design unit 1: Bin7SegDecoder-Behavioral File: /home/tiago/Documents/lsd-project/src/Bin7SegDecoder.vhd Line: 15
    Info (12023): Found entity 1: Bin7SegDecoder File: /home/tiago/Documents/lsd-project/src/Bin7SegDecoder.vhd Line: 4
Info (12021): Found 2 design units, including 1 entities, in source file AirFryer.vhd
    Info (12022): Found design unit 1: AirFryer-Demo File: /home/tiago/Documents/lsd-project/src/AirFryer.vhd Line: 36
    Info (12023): Found entity 1: AirFryer File: /home/tiago/Documents/lsd-project/src/AirFryer.vhd Line: 5
Info (12021): Found 2 design units, including 1 entities, in source file TemperatureController.vhd
    Info (12022): Found design unit 1: TemperatureController-Behavioral File: /home/tiago/Documents/lsd-project/src/TemperatureController.vhd Line: 21
    Info (12023): Found entity 1: TemperatureController File: /home/tiago/Documents/lsd-project/src/TemperatureController.vhd Line: 5
Info (12021): Found 2 design units, including 1 entities, in source file TemperatureController_tb.vhd
    Info (12022): Found design unit 1: TemperatureController_tb-Behavioral File: /home/tiago/Documents/lsd-project/src/TemperatureController_tb.vhd Line: 8
    Info (12023): Found entity 1: TemperatureController_tb File: /home/tiago/Documents/lsd-project/src/TemperatureController_tb.vhd Line: 5
Info (12127): Elaborating entity "AirFryer" for the top level hierarchy
Warning (10541): VHDL Signal Declaration warning at AirFryer.vhd(26): used implicit default value for signal "LEDR" because signal was never assigned a value or an explicit default value. Use of implicit default value may introduce unintended design optimizations. File: /home/tiago/Documents/lsd-project/src/AirFryer.vhd Line: 26
Warning (10541): VHDL Signal Declaration warning at AirFryer.vhd(27): used implicit default value for signal "LEDG" because signal was never assigned a value or an explicit default value. Use of implicit default value may introduce unintended design optimizations. File: /home/tiago/Documents/lsd-project/src/AirFryer.vhd Line: 27
Warning (10036): Verilog HDL or VHDL warning at AirFryer.vhd(38): object "s_timeUp" assigned a value but never read File: /home/tiago/Documents/lsd-project/src/AirFryer.vhd Line: 38
Warning (10036): Verilog HDL or VHDL warning at AirFryer.vhd(38): object "s_timeDown" assigned a value but never read File: /home/tiago/Documents/lsd-project/src/AirFryer.vhd Line: 38
Warning (10036): Verilog HDL or VHDL warning at AirFryer.vhd(38): object "s_tempUp" assigned a value but never read File: /home/tiago/Documents/lsd-project/src/AirFryer.vhd Line: 38
Warning (10036): Verilog HDL or VHDL warning at AirFryer.vhd(38): object "s_tempDown" assigned a value but never read File: /home/tiago/Documents/lsd-project/src/AirFryer.vhd Line: 38
Info (12129): Elaborating entity "DebounceUnits" using architecture "A:behavioral" for hierarchy "DebounceUnits:keys_debounce" File: /home/tiago/Documents/lsd-project/src/AirFryer.vhd Line: 43
Info (12129): Elaborating entity "Debouncer" using architecture "A:behavioral" for hierarchy "DebounceUnits:keys_debounce|Debouncer:time_up_debouncer" File: /home/tiago/Documents/lsd-project/src/DebounceUnits.vhd Line: 24
Warning (10541): VHDL Signal Declaration warning at Debouncer.vhd(12): used implicit default value for signal "pulsedOut" because signal was never assigned a value or an explicit default value. Use of implicit default value may introduce unintended design optimizations. File: /home/tiago/Documents/lsd-project/src/Debouncer.vhd Line: 12
Warning (10036): Verilog HDL or VHDL warning at Debouncer.vhd(19): object "s_pulsedOut" assigned a value but never read File: /home/tiago/Documents/lsd-project/src/Debouncer.vhd Line: 19
Info (12129): Elaborating entity "TemperatureController" using architecture "A:behavioral" for hierarchy "TemperatureController:TemperatureController" File: /home/tiago/Documents/lsd-project/src/AirFryer.vhd Line: 55
Warning (10540): VHDL Signal Declaration warning at TemperatureController.vhd(22): used explicit default value for signal "tempMinima" because signal was never assigned a value File: /home/tiago/Documents/lsd-project/src/TemperatureController.vhd Line: 22
Warning (10540): VHDL Signal Declaration warning at TemperatureController.vhd(23): used explicit default value for signal "tempMaxima" because signal was never assigned a value File: /home/tiago/Documents/lsd-project/src/TemperatureController.vhd Line: 23
Info (12129): Elaborating entity "DisplaysController" using architecture "A:behavioral" for hierarchy "DisplaysController:DisplaysController" File: /home/tiago/Documents/lsd-project/src/AirFryer.vhd Line: 68
Warning (10541): VHDL Signal Declaration warning at DisplaysController.vhd(14): used implicit default value for signal "s_HEX4" because signal was never assigned a value or an explicit default value. Use of implicit default value may introduce unintended design optimizations. File: /home/tiago/Documents/lsd-project/src/DisplaysController.vhd Line: 14
Warning (10541): VHDL Signal Declaration warning at DisplaysController.vhd(15): used implicit default value for signal "s_HEX5" because signal was never assigned a value or an explicit default value. Use of implicit default value may introduce unintended design optimizations. File: /home/tiago/Documents/lsd-project/src/DisplaysController.vhd Line: 15
Info (12129): Elaborating entity "Bin7SegDecoder" using architecture "A:behavioral" for hierarchy "DisplaysController:DisplaysController|Bin7SegDecoder:bin7SegTemperatura" File: /home/tiago/Documents/lsd-project/src/DisplaysController.vhd Line: 22
Info (278001): Inferred 5 megafunctions from design logic
    Info (278004): Inferred divider/modulo megafunction ("lpm_divide") from the following logic: "TemperatureController:TemperatureController|Mod2" File: /home/tiago/Documents/lsd-project/src/TemperatureController.vhd Line: 61
    Info (278004): Inferred divider/modulo megafunction ("lpm_divide") from the following logic: "TemperatureController:TemperatureController|Div1" File: /home/tiago/Documents/lsd-project/src/TemperatureController.vhd Line: 60
    Info (278004): Inferred divider/modulo megafunction ("lpm_divide") from the following logic: "TemperatureController:TemperatureController|Mod1" File: /home/tiago/Documents/lsd-project/src/TemperatureController.vhd Line: 60
    Info (278004): Inferred divider/modulo megafunction ("lpm_divide") from the following logic: "TemperatureController:TemperatureController|Div0" File: /home/tiago/Documents/lsd-project/src/TemperatureController.vhd Line: 59
    Info (278004): Inferred divider/modulo megafunction ("lpm_divide") from the following logic: "TemperatureController:TemperatureController|Mod0" File: /home/tiago/Documents/lsd-project/src/TemperatureController.vhd Line: 59
Info (12130): Elaborated megafunction instantiation "TemperatureController:TemperatureController|lpm_divide:Mod2" File: /home/tiago/Documents/lsd-project/src/TemperatureController.vhd Line: 61
Info (12133): Instantiated megafunction "TemperatureController:TemperatureController|lpm_divide:Mod2" with the following parameter: File: /home/tiago/Documents/lsd-project/src/TemperatureController.vhd Line: 61
    Info (12134): Parameter "LPM_WIDTHN" = "32"
    Info (12134): Parameter "LPM_WIDTHD" = "32"
    Info (12134): Parameter "LPM_NREPRESENTATION" = "SIGNED"
    Info (12134): Parameter "LPM_DREPRESENTATION" = "SIGNED"
    Info (12134): Parameter "LPM_HINT" = "LPM_REMAINDERPOSITIVE=FALSE"
Info (12021): Found 1 design units, including 1 entities, in source file db/lpm_divide_cqo.tdf
    Info (12023): Found entity 1: lpm_divide_cqo File: /home/tiago/Documents/lsd-project/src/db/lpm_divide_cqo.tdf Line: 25
Info (12021): Found 1 design units, including 1 entities, in source file db/abs_divider_4dg.tdf
    Info (12023): Found entity 1: abs_divider_4dg File: /home/tiago/Documents/lsd-project/src/db/abs_divider_4dg.tdf Line: 27
Info (12021): Found 1 design units, including 1 entities, in source file db/alt_u_div_6af.tdf
    Info (12023): Found entity 1: alt_u_div_6af File: /home/tiago/Documents/lsd-project/src/db/alt_u_div_6af.tdf Line: 27
Info (12021): Found 1 design units, including 1 entities, in source file db/add_sub_7pc.tdf
    Info (12023): Found entity 1: add_sub_7pc File: /home/tiago/Documents/lsd-project/src/db/add_sub_7pc.tdf Line: 23
Info (12021): Found 1 design units, including 1 entities, in source file db/add_sub_8pc.tdf
    Info (12023): Found entity 1: add_sub_8pc File: /home/tiago/Documents/lsd-project/src/db/add_sub_8pc.tdf Line: 23
Info (12021): Found 1 design units, including 1 entities, in source file db/lpm_abs_i0a.tdf
    Info (12023): Found entity 1: lpm_abs_i0a File: /home/tiago/Documents/lsd-project/src/db/lpm_abs_i0a.tdf Line: 25
Info (12130): Elaborated megafunction instantiation "TemperatureController:TemperatureController|lpm_divide:Div1" File: /home/tiago/Documents/lsd-project/src/TemperatureController.vhd Line: 60
Info (12133): Instantiated megafunction "TemperatureController:TemperatureController|lpm_divide:Div1" with the following parameter: File: /home/tiago/Documents/lsd-project/src/TemperatureController.vhd Line: 60
    Info (12134): Parameter "LPM_WIDTHN" = "32"
    Info (12134): Parameter "LPM_WIDTHD" = "5"
    Info (12134): Parameter "LPM_NREPRESENTATION" = "SIGNED"
    Info (12134): Parameter "LPM_DREPRESENTATION" = "SIGNED"
    Info (12134): Parameter "LPM_HINT" = "LPM_REMAINDERPOSITIVE=FALSE"
Info (12021): Found 1 design units, including 1 entities, in source file db/lpm_divide_p0p.tdf
    Info (12023): Found entity 1: lpm_divide_p0p File: /home/tiago/Documents/lsd-project/src/db/lpm_divide_p0p.tdf Line: 25
Info (12021): Found 1 design units, including 1 entities, in source file db/abs_divider_kbg.tdf
    Info (12023): Found entity 1: abs_divider_kbg File: /home/tiago/Documents/lsd-project/src/db/abs_divider_kbg.tdf Line: 29
Info (12021): Found 1 design units, including 1 entities, in source file db/alt_u_div_67f.tdf
    Info (12023): Found entity 1: alt_u_div_67f File: /home/tiago/Documents/lsd-project/src/db/alt_u_div_67f.tdf Line: 27
Info (12021): Found 1 design units, including 1 entities, in source file db/lpm_abs_2v9.tdf
    Info (12023): Found entity 1: lpm_abs_2v9 File: /home/tiago/Documents/lsd-project/src/db/lpm_abs_2v9.tdf Line: 25
Info (12130): Elaborated megafunction instantiation "TemperatureController:TemperatureController|lpm_divide:Mod1" File: /home/tiago/Documents/lsd-project/src/TemperatureController.vhd Line: 60
Info (12133): Instantiated megafunction "TemperatureController:TemperatureController|lpm_divide:Mod1" with the following parameter: File: /home/tiago/Documents/lsd-project/src/TemperatureController.vhd Line: 60
    Info (12134): Parameter "LPM_WIDTHN" = "32"
    Info (12134): Parameter "LPM_WIDTHD" = "32"
    Info (12134): Parameter "LPM_NREPRESENTATION" = "SIGNED"
    Info (12134): Parameter "LPM_DREPRESENTATION" = "SIGNED"
    Info (12134): Parameter "LPM_HINT" = "LPM_REMAINDERPOSITIVE=FALSE"
Info (12130): Elaborated megafunction instantiation "TemperatureController:TemperatureController|lpm_divide:Div0" File: /home/tiago/Documents/lsd-project/src/TemperatureController.vhd Line: 59
Info (12133): Instantiated megafunction "TemperatureController:TemperatureController|lpm_divide:Div0" with the following parameter: File: /home/tiago/Documents/lsd-project/src/TemperatureController.vhd Line: 59
    Info (12134): Parameter "LPM_WIDTHN" = "32"
    Info (12134): Parameter "LPM_WIDTHD" = "8"
    Info (12134): Parameter "LPM_NREPRESENTATION" = "SIGNED"
    Info (12134): Parameter "LPM_DREPRESENTATION" = "SIGNED"
    Info (12134): Parameter "LPM_HINT" = "LPM_REMAINDERPOSITIVE=FALSE"
Info (12021): Found 1 design units, including 1 entities, in source file db/lpm_divide_s0p.tdf
    Info (12023): Found entity 1: lpm_divide_s0p File: /home/tiago/Documents/lsd-project/src/db/lpm_divide_s0p.tdf Line: 25
Info (12021): Found 1 design units, including 1 entities, in source file db/abs_divider_nbg.tdf
    Info (12023): Found entity 1: abs_divider_nbg File: /home/tiago/Documents/lsd-project/src/db/abs_divider_nbg.tdf Line: 29
Info (12021): Found 1 design units, including 1 entities, in source file db/alt_u_div_c7f.tdf
    Info (12023): Found entity 1: alt_u_div_c7f File: /home/tiago/Documents/lsd-project/src/db/alt_u_div_c7f.tdf Line: 27
Info (12021): Found 1 design units, including 1 entities, in source file db/lpm_abs_5v9.tdf
    Info (12023): Found entity 1: lpm_abs_5v9 File: /home/tiago/Documents/lsd-project/src/db/lpm_abs_5v9.tdf Line: 25
Info (13014): Ignored 152 buffer(s)
    Info (13016): Ignored 152 CARRY_SUM buffer(s)
Warning (13024): Output pins are stuck at VCC or GND
    Warning (13410): Pin "LEDR[0]" is stuck at GND File: /home/tiago/Documents/lsd-project/src/AirFryer.vhd Line: 26
    Warning (13410): Pin "LEDR[1]" is stuck at GND File: /home/tiago/Documents/lsd-project/src/AirFryer.vhd Line: 26
    Warning (13410): Pin "LEDR[2]" is stuck at GND File: /home/tiago/Documents/lsd-project/src/AirFryer.vhd Line: 26
    Warning (13410): Pin "LEDG[0]" is stuck at GND File: /home/tiago/Documents/lsd-project/src/AirFryer.vhd Line: 27
    Warning (13410): Pin "LEDG[1]" is stuck at GND File: /home/tiago/Documents/lsd-project/src/AirFryer.vhd Line: 27
    Warning (13410): Pin "LEDG[2]" is stuck at GND File: /home/tiago/Documents/lsd-project/src/AirFryer.vhd Line: 27
    Warning (13410): Pin "LEDG[3]" is stuck at GND File: /home/tiago/Documents/lsd-project/src/AirFryer.vhd Line: 27
    Warning (13410): Pin "LEDG[4]" is stuck at GND File: /home/tiago/Documents/lsd-project/src/AirFryer.vhd Line: 27
    Warning (13410): Pin "LEDG[5]" is stuck at GND File: /home/tiago/Documents/lsd-project/src/AirFryer.vhd Line: 27
    Warning (13410): Pin "LEDG[6]" is stuck at GND File: /home/tiago/Documents/lsd-project/src/AirFryer.vhd Line: 27
    Warning (13410): Pin "LEDG[7]" is stuck at GND File: /home/tiago/Documents/lsd-project/src/AirFryer.vhd Line: 27
    Warning (13410): Pin "HEX4[0]" is stuck at GND File: /home/tiago/Documents/lsd-project/src/AirFryer.vhd Line: 32
    Warning (13410): Pin "HEX4[1]" is stuck at GND File: /home/tiago/Documents/lsd-project/src/AirFryer.vhd Line: 32
    Warning (13410): Pin "HEX4[2]" is stuck at GND File: /home/tiago/Documents/lsd-project/src/AirFryer.vhd Line: 32
    Warning (13410): Pin "HEX4[3]" is stuck at GND File: /home/tiago/Documents/lsd-project/src/AirFryer.vhd Line: 32
    Warning (13410): Pin "HEX4[4]" is stuck at GND File: /home/tiago/Documents/lsd-project/src/AirFryer.vhd Line: 32
    Warning (13410): Pin "HEX4[5]" is stuck at GND File: /home/tiago/Documents/lsd-project/src/AirFryer.vhd Line: 32
    Warning (13410): Pin "HEX4[6]" is stuck at GND File: /home/tiago/Documents/lsd-project/src/AirFryer.vhd Line: 32
    Warning (13410): Pin "HEX5[0]" is stuck at GND File: /home/tiago/Documents/lsd-project/src/AirFryer.vhd Line: 33
    Warning (13410): Pin "HEX5[1]" is stuck at GND File: /home/tiago/Documents/lsd-project/src/AirFryer.vhd Line: 33
    Warning (13410): Pin "HEX5[2]" is stuck at GND File: /home/tiago/Documents/lsd-project/src/AirFryer.vhd Line: 33
    Warning (13410): Pin "HEX5[3]" is stuck at GND File: /home/tiago/Documents/lsd-project/src/AirFryer.vhd Line: 33
    Warning (13410): Pin "HEX5[4]" is stuck at GND File: /home/tiago/Documents/lsd-project/src/AirFryer.vhd Line: 33
    Warning (13410): Pin "HEX5[5]" is stuck at GND File: /home/tiago/Documents/lsd-project/src/AirFryer.vhd Line: 33
    Warning (13410): Pin "HEX5[6]" is stuck at GND File: /home/tiago/Documents/lsd-project/src/AirFryer.vhd Line: 33
Info (286030): Timing-Driven Synthesis is running
Info (16010): Generating hard_block partition "hard_block:auto_generated_inst"
    Info (16011): Adding 0 node(s), including 0 DDIO, 0 PLL, 0 transceiver and 0 LCELL
Warning (21074): Design contains 8 input pin(s) that do not drive logic
    Warning (15610): No output dependent on input pin "KEY[0]" File: /home/tiago/Documents/lsd-project/src/AirFryer.vhd Line: 23
    Warning (15610): No output dependent on input pin "KEY[1]" File: /home/tiago/Documents/lsd-project/src/AirFryer.vhd Line: 23
    Warning (15610): No output dependent on input pin "SW[2]" File: /home/tiago/Documents/lsd-project/src/AirFryer.vhd Line: 24
    Warning (15610): No output dependent on input pin "SW[3]" File: /home/tiago/Documents/lsd-project/src/AirFryer.vhd Line: 24
    Warning (15610): No output dependent on input pin "SW[4]" File: /home/tiago/Documents/lsd-project/src/AirFryer.vhd Line: 24
    Warning (15610): No output dependent on input pin "SW[5]" File: /home/tiago/Documents/lsd-project/src/AirFryer.vhd Line: 24
    Warning (15610): No output dependent on input pin "SW[6]" File: /home/tiago/Documents/lsd-project/src/AirFryer.vhd Line: 24
    Warning (15610): No output dependent on input pin "SW[7]" File: /home/tiago/Documents/lsd-project/src/AirFryer.vhd Line: 24
Info (21057): Implemented 6064 device resources after synthesis - the final resource count might be different
    Info (21058): Implemented 13 input pins
    Info (21059): Implemented 46 output pins
    Info (21061): Implemented 6005 logic cells
Info: Quartus Prime Analysis & Synthesis was successful. 0 errors, 48 warnings
    Info: Peak virtual memory: 519 megabytes
    Info: Processing ended: Sat May 18 13:10:43 2024
    Info: Elapsed time: 00:00:15
    Info: Total CPU time (on all processors): 00:00:28


